<?xml version="1.0" encoding="UTF-8"?>
<!-- Generated by org.testng.reporters.JUnitReportReporter -->
<testsuite hostname="DESKTOP-36GPC1S" failures="0" tests="3" name="testScript.ManageNewsTest" time="43.526" errors="0" timestamp="2026-02-26T20:48:37 IST" skipped="0">
  <testcase classname="testScript.ManageNewsTest" name="verifyUserIsAbleToResetNews" time="14.286"/>
  <testcase classname="testScript.ManageNewsTest" name="verifyUserIsAbleToSearchNews" time="16.596"/>
  <testcase classname="testScript.ManageNewsTest" name="verifyUserIsAbleToAddNews" time="12.644"/>
</testsuite> <!-- testScript.ManageNewsTest -->
